c:\school\semester 3\gameplay programming\gpp_exam\researchtopic\sudoku maker\sudoku maker\x64\debug\sudoku maker.pch
c:\school\semester 3\gameplay programming\gpp_exam\researchtopic\sudoku maker\sudoku maker\x64\debug\vc143.pdb
c:\school\semester 3\gameplay programming\gpp_exam\researchtopic\sudoku maker\sudoku maker\x64\debug\vc143.idb
c:\school\semester 3\gameplay programming\gpp_exam\researchtopic\sudoku maker\sudoku maker\x64\debug\pch.obj
c:\school\semester 3\gameplay programming\gpp_exam\researchtopic\sudoku maker\sudoku maker\x64\debug\vector2f.obj
c:\school\semester 3\gameplay programming\gpp_exam\researchtopic\sudoku maker\sudoku maker\x64\debug\utils.obj
c:\school\semester 3\gameplay programming\gpp_exam\researchtopic\sudoku maker\sudoku maker\x64\debug\texture.obj
c:\school\semester 3\gameplay programming\gpp_exam\researchtopic\sudoku maker\sudoku maker\x64\debug\svgparser.obj
c:\school\semester 3\gameplay programming\gpp_exam\researchtopic\sudoku maker\sudoku maker\x64\debug\structs.obj
c:\school\semester 3\gameplay programming\gpp_exam\researchtopic\sudoku maker\sudoku maker\x64\debug\soundstream.obj
c:\school\semester 3\gameplay programming\gpp_exam\researchtopic\sudoku maker\sudoku maker\x64\debug\soundeffect.obj
c:\school\semester 3\gameplay programming\gpp_exam\researchtopic\sudoku maker\sudoku maker\x64\debug\matrix2x3.obj
c:\school\semester 3\gameplay programming\gpp_exam\researchtopic\sudoku maker\sudoku maker\x64\debug\main.obj
c:\school\semester 3\gameplay programming\gpp_exam\researchtopic\sudoku maker\sudoku maker\x64\debug\game.obj
c:\school\semester 3\gameplay programming\gpp_exam\researchtopic\sudoku maker\sudoku maker\x64\debug\core.obj
c:\school\semester 5\gameplay programming\research\hashibridges\sudoku maker\x64\debug\sudoku maker.pch
c:\school\semester 5\gameplay programming\research\hashibridges\sudoku maker\x64\debug\vc143.pdb
c:\school\semester 5\gameplay programming\research\hashibridges\sudoku maker\x64\debug\vc143.idb
c:\school\semester 5\gameplay programming\research\hashibridges\sudoku maker\x64\debug\pch.obj
c:\school\semester 5\gameplay programming\research\hashibridges\sudoku maker\x64\debug\vector2f.obj
c:\school\semester 5\gameplay programming\research\hashibridges\sudoku maker\x64\debug\utils.obj
c:\school\semester 5\gameplay programming\research\hashibridges\sudoku maker\x64\debug\texture.obj
c:\school\semester 5\gameplay programming\research\hashibridges\sudoku maker\x64\debug\svgparser.obj
c:\school\semester 5\gameplay programming\research\hashibridges\sudoku maker\x64\debug\structs.obj
c:\school\semester 5\gameplay programming\research\hashibridges\sudoku maker\x64\debug\soundstream.obj
c:\school\semester 5\gameplay programming\research\hashibridges\sudoku maker\x64\debug\soundeffect.obj
c:\school\semester 5\gameplay programming\research\hashibridges\sudoku maker\x64\debug\matrix2x3.obj
c:\school\semester 5\gameplay programming\research\hashibridges\sudoku maker\x64\debug\main.obj
c:\school\semester 5\gameplay programming\research\hashibridges\sudoku maker\x64\debug\game.obj
c:\school\semester 5\gameplay programming\research\hashibridges\sudoku maker\x64\debug\core.obj
c:\school\semester 3\gameplay programming\gpp_exam\researchtopic\sudoku maker\x64\debug\sudoku maker.exe
c:\school\semester 3\gameplay programming\gpp_exam\researchtopic\sudoku maker\sudoku maker\x64\debug\sudoku maker.ilk
c:\school\semester 3\gameplay programming\gpp_exam\researchtopic\sudoku maker\x64\debug\sudoku maker.pdb
c:\school\semester 5\gameplay programming\research\hashibridges\x64\debug\sudoku maker.exe
c:\school\semester 5\gameplay programming\research\hashibridges\x64\debug\sudoku maker.pdb
c:\school\semester 5\gameplay programming\research\hashibridges\sudoku maker\x64\debug\sudoku maker.ilk
c:\school\semester 5\gameplay programming\research\hashibridges\sudoku maker\x64\debug\sudoku maker.tlog\cl.command.1.tlog
c:\school\semester 5\gameplay programming\research\hashibridges\sudoku maker\x64\debug\sudoku maker.tlog\cl.items.tlog
c:\school\semester 5\gameplay programming\research\hashibridges\sudoku maker\x64\debug\sudoku maker.tlog\cl.read.1.tlog
c:\school\semester 5\gameplay programming\research\hashibridges\sudoku maker\x64\debug\sudoku maker.tlog\cl.write.1.tlog
c:\school\semester 5\gameplay programming\research\hashibridges\sudoku maker\x64\debug\sudoku maker.tlog\link.command.1.tlog
c:\school\semester 5\gameplay programming\research\hashibridges\sudoku maker\x64\debug\sudoku maker.tlog\link.read.1.tlog
c:\school\semester 5\gameplay programming\research\hashibridges\sudoku maker\x64\debug\sudoku maker.tlog\link.secondary.1.tlog
c:\school\semester 5\gameplay programming\research\hashibridges\sudoku maker\x64\debug\sudoku maker.tlog\link.write.1.tlog
